<?xml version="1.0" encoding="UTF-8"?>
<!-- Generated by org.testng.reporters.JUnitXMLReporter -->
<testsuite ignored="0" hostname="DESKTOP-0DR6D8M" failures="1" tests="3" name="Test" time="53.177" errors="0" timestamp="2022-12-22T00:41:21 IST">
  <testcase classname="TestNGCodeStudio.TestngPractice.ListenerDemo" name="logIn" time="53.133"/>
  <testcase classname="TestNGCodeStudio.TestngPractice.ListenerDemo" name="testFail" time="0.002">
    <failure type="java.lang.AssertionError" message="expected [true] but found [false]">
      <![CDATA[java.lang.AssertionError: expected [true] but found [false]
at TestNGCodeStudio.TestngPractice.ListenerDemo.testFail(ListenerDemo.java:43)
at java.base/java.util.ArrayList.forEach(ArrayList.java:1511)
... Removed 31 stack frames]]>
    </failure>
  </testcase> <!-- testFail -->
  <testcase classname="TestNGCodeStudio.TestngPractice.ListenerDemo" name="testSkipped" time="0.001">
    <skipped/>
  </testcase> <!-- testSkipped -->
</testsuite> <!-- Test -->
