<?xml version="1.0" encoding="UTF-8"?>
<!-- Generated by org.testng.reporters.JUnitXMLReporter -->
<testsuite ignored="0" hostname="DESKTOP-0DR6D8M" failures="3" tests="3" name="Test1" time="27.981" errors="0" timestamp="2022-12-21T18:04:41 IST">
  <testcase classname="TestNGCodeStudio.TestngPractice.DataproviderDemo" name="testCaseGoogleSearch" time="10.734">
    <failure type="org.openqa.selenium.ElementNotInteractableException" message="element not interactable
  (Session info: chrome=108.0.5359.125)
Build info: version: &amp;apos;4.1.1&amp;apos;, revision: &amp;apos;e8fcc2cecf&amp;apos;
System info: host: &amp;apos;DESKTOP-0DR6D8M&amp;apos;, ip: &amp;apos;192.168.29.221&amp;apos;, os.name: &amp;apos;Windows 10&amp;apos;, os.arch: &amp;apos;amd64&amp;apos;, os.version: &amp;apos;10.0&amp;apos;, java.version: &amp;apos;17.0.4.1&amp;apos;
Driver info: org.openqa.selenium.chrome.ChromeDriver
Command: [bbc79c02f7eeda6e56e0b614c47f3334, clickElement {id=9f87756d-bb9d-499b-90ec-1bbccdc0beb7}]
Capabilities {acceptInsecureCerts: false, browserName: chrome, browserVersion: 108.0.5359.125, chrome: {chromedriverVersion: 108.0.5359.71 (1e0e3868ee06..., userDataDir: C:\Users\DELL\AppData\Local...}, goog:chromeOptions: {debuggerAddress: localhost:56470}, javascriptEnabled: true, networkConnectionEnabled: false, pageLoadStrategy: normal, platform: WINDOWS, platformName: WINDOWS, proxy: Proxy(), se:cdp: ws://localhost:56470/devtoo..., se:cdpVersion: 108.0.5359.125, setWindowRect: true, strictFileInteractability: false, timeouts: {implicit: 0, pageLoad: 300000, script: 30000}, unhandledPromptBehavior: dismiss and notify, webauthn:extension:credBlob: true, webauthn:extension:largeBlob: true, webauthn:virtualAuthenticators: true}
Element: [[ChromeDriver: chrome on WINDOWS (bbc79c02f7eeda6e56e0b614c47f3334)] -&amp;gt; xpath: //input[@class=&amp;apos;gNO89b&amp;apos;]]
Session ID: bbc79c02f7eeda6e56e0b614c47f3334">
      <![CDATA[org.openqa.selenium.ElementNotInteractableException: element not interactable
  (Session info: chrome=108.0.5359.125)
Build info: version: '4.1.1', revision: 'e8fcc2cecf'
System info: host: 'DESKTOP-0DR6D8M', ip: '192.168.29.221', os.name: 'Windows 10', os.arch: 'amd64', os.version: '10.0', java.version: '17.0.4.1'
Driver info: org.openqa.selenium.chrome.ChromeDriver
Command: [bbc79c02f7eeda6e56e0b614c47f3334, clickElement {id=9f87756d-bb9d-499b-90ec-1bbccdc0beb7}]
Capabilities {acceptInsecureCerts: false, browserName: chrome, browserVersion: 108.0.5359.125, chrome: {chromedriverVersion: 108.0.5359.71 (1e0e3868ee06..., userDataDir: C:\Users\DELL\AppData\Local...}, goog:chromeOptions: {debuggerAddress: localhost:56470}, javascriptEnabled: true, networkConnectionEnabled: false, pageLoadStrategy: normal, platform: WINDOWS, platformName: WINDOWS, proxy: Proxy(), se:cdp: ws://localhost:56470/devtoo..., se:cdpVersion: 108.0.5359.125, setWindowRect: true, strictFileInteractability: false, timeouts: {implicit: 0, pageLoad: 300000, script: 30000}, unhandledPromptBehavior: dismiss and notify, webauthn:extension:credBlob: true, webauthn:extension:largeBlob: true, webauthn:virtualAuthenticators: true}
Element: [[ChromeDriver: chrome on WINDOWS (bbc79c02f7eeda6e56e0b614c47f3334)] -> xpath: //input[@class='gNO89b']]
Session ID: bbc79c02f7eeda6e56e0b614c47f3334
at org.openqa.selenium.remote.codec.w3c.W3CHttpResponseCodec.createException(W3CHttpResponseCodec.java:200)
at org.openqa.selenium.remote.codec.w3c.W3CHttpResponseCodec.decode(W3CHttpResponseCodec.java:133)
at org.openqa.selenium.remote.codec.w3c.W3CHttpResponseCodec.decode(W3CHttpResponseCodec.java:53)
at org.openqa.selenium.remote.HttpCommandExecutor.execute(HttpCommandExecutor.java:184)
at org.openqa.selenium.remote.service.DriverCommandExecutor.invokeExecute(DriverCommandExecutor.java:167)
at org.openqa.selenium.remote.service.DriverCommandExecutor.execute(DriverCommandExecutor.java:142)
at org.openqa.selenium.remote.RemoteWebDriver.execute(RemoteWebDriver.java:543)
at org.openqa.selenium.remote.RemoteWebElement.execute(RemoteWebElement.java:251)
at org.openqa.selenium.remote.RemoteWebElement.click(RemoteWebElement.java:77)
at TestNGCodeStudio.TestngPractice.DataproviderDemo.testCaseGoogleSearch(DataproviderDemo.java:39)
at java.base/java.util.ArrayList.forEach(ArrayList.java:1511)
... Removed 32 stack frames]]>
    </failure>
  </testcase> <!-- testCaseGoogleSearch -->
  <testcase classname="TestNGCodeStudio.TestngPractice.DataproviderDemo" name="testCaseGoogleSearch" time="5.662">
    <failure type="org.openqa.selenium.ElementNotInteractableException" message="element not interactable
  (Session info: chrome=108.0.5359.125)
Build info: version: &amp;apos;4.1.1&amp;apos;, revision: &amp;apos;e8fcc2cecf&amp;apos;
System info: host: &amp;apos;DESKTOP-0DR6D8M&amp;apos;, ip: &amp;apos;192.168.29.221&amp;apos;, os.name: &amp;apos;Windows 10&amp;apos;, os.arch: &amp;apos;amd64&amp;apos;, os.version: &amp;apos;10.0&amp;apos;, java.version: &amp;apos;17.0.4.1&amp;apos;
Driver info: org.openqa.selenium.chrome.ChromeDriver
Command: [ac1d553afb05f2df4ff936051dbe6a89, clickElement {id=8728def1-3586-4eca-a6ff-e6481de4a03a}]
Capabilities {acceptInsecureCerts: false, browserName: chrome, browserVersion: 108.0.5359.125, chrome: {chromedriverVersion: 108.0.5359.71 (1e0e3868ee06..., userDataDir: C:\Users\DELL\AppData\Local...}, goog:chromeOptions: {debuggerAddress: localhost:56500}, javascriptEnabled: true, networkConnectionEnabled: false, pageLoadStrategy: normal, platform: WINDOWS, platformName: WINDOWS, proxy: Proxy(), se:cdp: ws://localhost:56500/devtoo..., se:cdpVersion: 108.0.5359.125, setWindowRect: true, strictFileInteractability: false, timeouts: {implicit: 0, pageLoad: 300000, script: 30000}, unhandledPromptBehavior: dismiss and notify, webauthn:extension:credBlob: true, webauthn:extension:largeBlob: true, webauthn:virtualAuthenticators: true}
Element: [[ChromeDriver: chrome on WINDOWS (ac1d553afb05f2df4ff936051dbe6a89)] -&amp;gt; xpath: //input[@class=&amp;apos;gNO89b&amp;apos;]]
Session ID: ac1d553afb05f2df4ff936051dbe6a89">
      <![CDATA[org.openqa.selenium.ElementNotInteractableException: element not interactable
  (Session info: chrome=108.0.5359.125)
Build info: version: '4.1.1', revision: 'e8fcc2cecf'
System info: host: 'DESKTOP-0DR6D8M', ip: '192.168.29.221', os.name: 'Windows 10', os.arch: 'amd64', os.version: '10.0', java.version: '17.0.4.1'
Driver info: org.openqa.selenium.chrome.ChromeDriver
Command: [ac1d553afb05f2df4ff936051dbe6a89, clickElement {id=8728def1-3586-4eca-a6ff-e6481de4a03a}]
Capabilities {acceptInsecureCerts: false, browserName: chrome, browserVersion: 108.0.5359.125, chrome: {chromedriverVersion: 108.0.5359.71 (1e0e3868ee06..., userDataDir: C:\Users\DELL\AppData\Local...}, goog:chromeOptions: {debuggerAddress: localhost:56500}, javascriptEnabled: true, networkConnectionEnabled: false, pageLoadStrategy: normal, platform: WINDOWS, platformName: WINDOWS, proxy: Proxy(), se:cdp: ws://localhost:56500/devtoo..., se:cdpVersion: 108.0.5359.125, setWindowRect: true, strictFileInteractability: false, timeouts: {implicit: 0, pageLoad: 300000, script: 30000}, unhandledPromptBehavior: dismiss and notify, webauthn:extension:credBlob: true, webauthn:extension:largeBlob: true, webauthn:virtualAuthenticators: true}
Element: [[ChromeDriver: chrome on WINDOWS (ac1d553afb05f2df4ff936051dbe6a89)] -> xpath: //input[@class='gNO89b']]
Session ID: ac1d553afb05f2df4ff936051dbe6a89
at org.openqa.selenium.remote.codec.w3c.W3CHttpResponseCodec.createException(W3CHttpResponseCodec.java:200)
at org.openqa.selenium.remote.codec.w3c.W3CHttpResponseCodec.decode(W3CHttpResponseCodec.java:133)
at org.openqa.selenium.remote.codec.w3c.W3CHttpResponseCodec.decode(W3CHttpResponseCodec.java:53)
at org.openqa.selenium.remote.HttpCommandExecutor.execute(HttpCommandExecutor.java:184)
at org.openqa.selenium.remote.service.DriverCommandExecutor.invokeExecute(DriverCommandExecutor.java:167)
at org.openqa.selenium.remote.service.DriverCommandExecutor.execute(DriverCommandExecutor.java:142)
at org.openqa.selenium.remote.RemoteWebDriver.execute(RemoteWebDriver.java:543)
at org.openqa.selenium.remote.RemoteWebElement.execute(RemoteWebElement.java:251)
at org.openqa.selenium.remote.RemoteWebElement.click(RemoteWebElement.java:77)
at TestNGCodeStudio.TestngPractice.DataproviderDemo.testCaseGoogleSearch(DataproviderDemo.java:39)
at java.base/java.util.ArrayList.forEach(ArrayList.java:1511)
... Removed 32 stack frames]]>
    </failure>
  </testcase> <!-- testCaseGoogleSearch -->
  <testcase classname="TestNGCodeStudio.TestngPractice.DataproviderDemo" name="testCaseGoogleSearch" time="11.513">
    <failure type="org.openqa.selenium.ElementNotInteractableException" message="element not interactable
  (Session info: chrome=108.0.5359.125)
Build info: version: &amp;apos;4.1.1&amp;apos;, revision: &amp;apos;e8fcc2cecf&amp;apos;
System info: host: &amp;apos;DESKTOP-0DR6D8M&amp;apos;, ip: &amp;apos;192.168.29.221&amp;apos;, os.name: &amp;apos;Windows 10&amp;apos;, os.arch: &amp;apos;amd64&amp;apos;, os.version: &amp;apos;10.0&amp;apos;, java.version: &amp;apos;17.0.4.1&amp;apos;
Driver info: org.openqa.selenium.chrome.ChromeDriver
Command: [c7e1550936f3a7a9da8dfee397a7ca09, clickElement {id=86b027a9-0235-4045-8a47-c56df2e21073}]
Capabilities {acceptInsecureCerts: false, browserName: chrome, browserVersion: 108.0.5359.125, chrome: {chromedriverVersion: 108.0.5359.71 (1e0e3868ee06..., userDataDir: C:\Users\DELL\AppData\Local...}, goog:chromeOptions: {debuggerAddress: localhost:56534}, javascriptEnabled: true, networkConnectionEnabled: false, pageLoadStrategy: normal, platform: WINDOWS, platformName: WINDOWS, proxy: Proxy(), se:cdp: ws://localhost:56534/devtoo..., se:cdpVersion: 108.0.5359.125, setWindowRect: true, strictFileInteractability: false, timeouts: {implicit: 0, pageLoad: 300000, script: 30000}, unhandledPromptBehavior: dismiss and notify, webauthn:extension:credBlob: true, webauthn:extension:largeBlob: true, webauthn:virtualAuthenticators: true}
Element: [[ChromeDriver: chrome on WINDOWS (c7e1550936f3a7a9da8dfee397a7ca09)] -&amp;gt; xpath: //input[@class=&amp;apos;gNO89b&amp;apos;]]
Session ID: c7e1550936f3a7a9da8dfee397a7ca09">
      <![CDATA[org.openqa.selenium.ElementNotInteractableException: element not interactable
  (Session info: chrome=108.0.5359.125)
Build info: version: '4.1.1', revision: 'e8fcc2cecf'
System info: host: 'DESKTOP-0DR6D8M', ip: '192.168.29.221', os.name: 'Windows 10', os.arch: 'amd64', os.version: '10.0', java.version: '17.0.4.1'
Driver info: org.openqa.selenium.chrome.ChromeDriver
Command: [c7e1550936f3a7a9da8dfee397a7ca09, clickElement {id=86b027a9-0235-4045-8a47-c56df2e21073}]
Capabilities {acceptInsecureCerts: false, browserName: chrome, browserVersion: 108.0.5359.125, chrome: {chromedriverVersion: 108.0.5359.71 (1e0e3868ee06..., userDataDir: C:\Users\DELL\AppData\Local...}, goog:chromeOptions: {debuggerAddress: localhost:56534}, javascriptEnabled: true, networkConnectionEnabled: false, pageLoadStrategy: normal, platform: WINDOWS, platformName: WINDOWS, proxy: Proxy(), se:cdp: ws://localhost:56534/devtoo..., se:cdpVersion: 108.0.5359.125, setWindowRect: true, strictFileInteractability: false, timeouts: {implicit: 0, pageLoad: 300000, script: 30000}, unhandledPromptBehavior: dismiss and notify, webauthn:extension:credBlob: true, webauthn:extension:largeBlob: true, webauthn:virtualAuthenticators: true}
Element: [[ChromeDriver: chrome on WINDOWS (c7e1550936f3a7a9da8dfee397a7ca09)] -> xpath: //input[@class='gNO89b']]
Session ID: c7e1550936f3a7a9da8dfee397a7ca09
at org.openqa.selenium.remote.codec.w3c.W3CHttpResponseCodec.createException(W3CHttpResponseCodec.java:200)
at org.openqa.selenium.remote.codec.w3c.W3CHttpResponseCodec.decode(W3CHttpResponseCodec.java:133)
at org.openqa.selenium.remote.codec.w3c.W3CHttpResponseCodec.decode(W3CHttpResponseCodec.java:53)
at org.openqa.selenium.remote.HttpCommandExecutor.execute(HttpCommandExecutor.java:184)
at org.openqa.selenium.remote.service.DriverCommandExecutor.invokeExecute(DriverCommandExecutor.java:167)
at org.openqa.selenium.remote.service.DriverCommandExecutor.execute(DriverCommandExecutor.java:142)
at org.openqa.selenium.remote.RemoteWebDriver.execute(RemoteWebDriver.java:543)
at org.openqa.selenium.remote.RemoteWebElement.execute(RemoteWebElement.java:251)
at org.openqa.selenium.remote.RemoteWebElement.click(RemoteWebElement.java:77)
at TestNGCodeStudio.TestngPractice.DataproviderDemo.testCaseGoogleSearch(DataproviderDemo.java:39)
at java.base/java.util.ArrayList.forEach(ArrayList.java:1511)
... Removed 32 stack frames]]>
    </failure>
  </testcase> <!-- testCaseGoogleSearch -->
</testsuite> <!-- Test1 -->
