<?xml version="1.0" encoding="UTF-8"?>
<!-- Generated by org.testng.reporters.JUnitXMLReporter -->
<testsuite ignored="0" hostname="DESKTOP-0DR6D8M" failures="0" tests="4" name="CurrentAccount" time="0.054" errors="0" timestamp="2022-12-20T16:15:58 IST">
  <testcase classname="TestNGCodeStudio.TestngPractice.CurrentAcoountTestClass2" name="test1" time="0.006"/>
  <testcase classname="TestNGCodeStudio.TestngPractice.CurrentAcoountTestClass2" name="test2" time="0.002"/>
  <testcase classname="TestNGCodeStudio.TestngPractice.CurrentAccountTestClass1" name="test1" time="0.002"/>
  <testcase classname="TestNGCodeStudio.TestngPractice.CurrentAccountTestClass1" name="test2" time="0.0"/>
</testsuite> <!-- CurrentAccount -->
