<?xml version="1.0" encoding="UTF-8"?>
<!-- Generated by org.testng.reporters.JUnitXMLReporter -->
<testsuite ignored="3" hostname="DESKTOP-0DR6D8M" failures="0" tests="3" name="Test" time="0.049" errors="0" timestamp="2022-12-20T18:45:57 IST">
  <testcase classname="TestNGCodeStudio.TestngPractice.LoanDept" name="apiLoginAutomobileLoan" time="0.012"/>
  <testcase classname="TestNGCodeStudio.TestngPractice.LoanDept" name="webLoginAutomobileLoan" time="0.0"/>
  <testcase classname="TestNGCodeStudio.TestngPractice.LoanDept" name="webLoginPersonalLoan" time="0.001"/>
  <testcase classname="TestNGCodeStudio.TestngPractice.LoanDept" name="apiLoginPersonalLoan" time="0.0">
    <ignored/>
  </testcase> <!-- apiLoginPersonalLoan -->
  <testcase classname="TestNGCodeStudio.TestngPractice.LoanDept" name="mobileLoginAutomobileLoan" time="0.0">
    <ignored/>
  </testcase> <!-- mobileLoginAutomobileLoan -->
  <testcase classname="TestNGCodeStudio.TestngPractice.LoanDept" name="mobileLoginPersonalLoan" time="0.0">
    <ignored/>
  </testcase> <!-- mobileLoginPersonalLoan -->
</testsuite> <!-- Test -->
